
[34m[1mwandb[39m[22m: [33mWARNING[39m Symlinked 4 files into the W&B run directory, call wandb.save again to sync new files.
Vocab size:  103
Vocab size:  103
Epoch: 0/199 Phase: train Loss: 3.5958 (3.5958) Acc: 0.0078 (0.0078) Rec comedy: nan (nan):   0%|        | 1/1717 [00:00<13:10,  2.17it/s]
0.849537
[1447, 8259, 699, 5886, 65184, 2396, 31583, 1191, 37.6, 284, 23025, 3398, 6012, 30723, 2644, 6336, 1004, 1220, 2262, 2043, 313, 620, 1487, 1228, 2888, 925, 1041, 1123, 1106, 2972, 867, 736, 2735, 816, 213.0, 1994, 2646]












































































































































































































































































































































































































Epoch: 0/199 Phase: train Loss: 3.4832 (3.5784) Acc: 0.0754 (0.1017) Rec comedy: 0.4362 (nan): 100%|â–ˆâ–ˆ| 1717/1717 [13:15<00:00,  2.16it/s]






































































































































Epoch: 0/199 Phase: valid Loss: 3.4965 (4.0557) Acc: 0.0929 (0.0000) Rec comedy: 0.5745 (nan): 100%|â–ˆâ–ˆ| 2748/2748 [04:31<00:00, 10.13it/s]
Epoch: 1/199 Phase: train Loss: 3.2313 (3.2313) Acc: 0.0938 (0.0938) Rec comedy: nan (nan):   0%|        | 1/1717 [00:00<13:37,  2.10it/s]












































































































































































































































































































































































































Epoch: 1/199 Phase: train Loss: 3.3105 (2.8456) Acc: 0.0979 (0.1017) Rec comedy: 0.5851 (nan): 100%|â–ˆâ–ˆ| 1717/1717 [13:16<00:00,  2.16it/s]







































































































































Epoch: 1/199 Phase: valid Loss: 3.4058 (3.7112) Acc: 0.0626 (0.0000) Rec comedy: 0.4468 (nan):  99%|â–ˆâ–‰| 2731/2748 [04:30<00:01, 10.56it/s]
Epoch: 1/199 Phase: valid Loss: 3.4057 (3.2642) Acc: 0.0626 (0.5000) Rec comedy: 0.4468 (nan): 100%|â–ˆâ–ˆ| 2748/2748 [04:32<00:00, 10.10it/s]













































































































































































































































































































































































































Epoch: 2/199 Phase: train Loss: 3.0983 (3.0072) Acc: 0.1208 (0.1017) Rec comedy: 0.5266 (nan): 100%|â–ˆâ–ˆ| 1717/1717 [13:16<00:00,  2.16it/s]






































































































































Epoch: 2/199 Phase: valid Loss: 3.3382 (3.3273) Acc: 0.0785 (0.0500) Rec comedy: 0.3404 (0.0000):  99%|â–‰| 2732/2748 [04:30<00:01, 10.30it/
Epoch: 2/199 Phase: valid Loss: 3.3391 (3.8929) Acc: 0.0783 (0.0000) Rec comedy: 0.3404 (nan): 100%|â–ˆâ–ˆ| 2748/2748 [04:31<00:00, 10.11it/s]













































































































































































































































































































































































































Epoch: 3/199 Phase: train Loss: 2.8392 (2.8985) Acc: 0.1989 (0.1356) Rec comedy: 0.5000 (nan): 100%|â–ˆâ–ˆ| 1717/1717 [13:18<00:00,  2.15it/s]






































































































































Epoch: 3/199 Phase: valid Loss: 3.2609 (3.5711) Acc: 0.1455 (0.0000) Rec comedy: 0.3830 (nan): 100%|â–ˆâ–ˆ| 2748/2748 [04:30<00:00, 10.15it/s]
  0%|                                                                                                            | 0/1717 [00:00<?, ?it/s]












































































































































































































































































































































































































Epoch: 4/199 Phase: train Loss: 2.5689 (2.1610) Acc: 0.3073 (0.3898) Rec comedy: 0.6702 (nan): 100%|â–ˆâ–ˆ| 1717/1717 [13:17<00:00,  2.15it/s]







































































































































Epoch: 4/199 Phase: valid Loss: 2.8578 (-0.2752) Acc: 0.2749 (1.0000) Rec comedy: 0.4468 (nan): 100%|â–ˆ| 2748/2748 [04:31<00:00, 10.12it/s]
Epoch: 5/199 Phase: train Loss: 2.8212 (2.8212) Acc: 0.2734 (0.2734) Rec comedy: nan (nan):   0%|        | 1/1717 [00:00<12:30,  2.29it/s]













































































































































































































































































































































































































Epoch: 5/199 Phase: train Loss: 2.2749 (2.0536) Acc: 0.3736 (0.3559) Rec comedy: 0.7340 (nan): 100%|â–ˆâ–ˆ| 1717/1717 [13:17<00:00,  2.15it/s]






































































































































Epoch: 5/199 Phase: valid Loss: 2.7948 (0.3467) Acc: 0.2697 (0.5000) Rec comedy: 0.3830 (nan): 100%|â–ˆâ–ˆ| 2748/2748 [04:31<00:00, 10.11it/s]
  0%|                                                                                                            | 0/1717 [00:00<?, ?it/s]












































































































































































































































































































































































































Epoch: 6/199 Phase: train Loss: 2.0927 (2.7340) Acc: 0.4159 (0.3898) Rec comedy: 0.7500 (nan): 100%|â–ˆâ–ˆ| 1717/1717 [13:16<00:00,  2.15it/s]






































































































































Epoch: 6/199 Phase: valid Loss: 2.6489 (-1.2238) Acc: 0.3219 (1.0000) Rec comedy: 0.4043 (nan): 100%|â–ˆ| 2748/2748 [04:30<00:00, 10.18it/s]
Epoch: 7/199 Phase: train Loss: 1.6398 (1.6398) Acc: 0.4062 (0.4062) Rec comedy: nan (nan):   0%|        | 1/1717 [00:00<12:46,  2.24it/s]












































































































































































































































































































































































































Epoch: 7/199 Phase: train Loss: 1.9265 (2.2242) Acc: 0.4424 (0.3220) Rec comedy: 0.7766 (nan): 100%|â–ˆâ–ˆ| 1717/1717 [13:16<00:00,  2.15it/s]







































































































































Epoch: 7/199 Phase: valid Loss: 2.4476 (2.3723) Acc: 0.3874 (0.5000) Rec comedy: 0.5106 (nan): 100%|â–ˆâ–ˆ| 2748/2748 [04:31<00:00, 10.14it/s]
Epoch: 8/199 Phase: train Loss: 1.3458 (1.5103) Acc: 0.4948 (0.5469) Rec comedy: 1.0000 (nan):   0%|     | 3/1717 [00:01<13:01,  2.19it/s]












































































































































































































































































































































































































Epoch: 8/199 Phase: train Loss: 1.7563 (1.8031) Acc: 0.4766 (0.5254) Rec comedy: 0.8404 (nan): 100%|â–ˆâ–ˆ| 1717/1717 [13:17<00:00,  2.15it/s]







































































































































Epoch: 8/199 Phase: valid Loss: 2.4179 (2.9239) Acc: 0.3992 (0.2000) Rec comedy: 0.2979 (nan): 100%|â–ˆâ–‰| 2743/2748 [04:31<00:00, 10.19it/s]
Epoch: 8/199 Phase: valid Loss: 2.4183 (4.3761) Acc: 0.3991 (0.0000) Rec comedy: 0.2979 (nan): 100%|â–ˆâ–ˆ| 2748/2748 [04:32<00:00, 10.10it/s]











































































































































































































































































































































































































Epoch: 9/199 Phase: train Loss: 1.6272 (2.6212) Acc: 0.4948 (0.4237) Rec comedy: 0.8457 (nan): 100%|â–ˆâ–ˆ| 1717/1717 [13:16<00:00,  2.16it/s]






































































































































Epoch: 9/199 Phase: valid Loss: 2.3054 (1.4769) Acc: 0.4064 (0.5000) Rec comedy: 0.2766 (nan):  99%|â–ˆâ–‰| 2732/2748 [04:28<00:01, 10.03it/s]
Epoch: 9/199 Phase: valid Loss: 2.3054 (2.5520) Acc: 0.4061 (0.5000) Rec comedy: 0.2766 (nan): 100%|â–ˆâ–ˆ| 2748/2748 [04:29<00:00, 10.20it/s]













































































































































































































































































































































































































Epoch: 10/199 Phase: train Loss: 1.5031 (1.4490) Acc: 0.5137 (0.5254) Rec comedy: 0.9149 (nan): 100%|â–ˆ| 1717/1717 [13:17<00:00,  2.15it/s]






































































































































Epoch: 10/199 Phase: valid Loss: 2.2473 (1.1959) Acc: 0.4210 (0.5500) Rec comedy: 0.2766 (nan):  99%|â–‰| 2734/2748 [04:29<00:01, 10.14it/s]
Epoch: 10/199 Phase: valid Loss: 2.2460 (-0.1481) Acc: 0.4208 (1.0000) Rec comedy: 0.2766 (nan): 100%|â–ˆ| 2748/2748 [04:31<00:00, 10.13it/s














































































































































































































































































































































































































Epoch: 11/199 Phase: train Loss: 1.4043 (1.9153) Acc: 0.5298 (0.4746) Rec comedy: 0.9362 (nan): 100%|â–ˆ| 1717/1717 [13:20<00:00,  2.14it/s]






































































































































Epoch: 11/199 Phase: valid Loss: 2.2339 (4.8880) Acc: 0.4269 (0.0000) Rec comedy: 0.2128 (nan): 100%|â–ˆ| 2748/2748 [04:30<00:00, 10.14it/s]
Epoch: 12/199 Phase: train Loss: 1.3344 (1.3344) Acc: 0.5938 (0.5938) Rec comedy: nan (nan):   0%|       | 1/1717 [00:00<13:05,  2.18it/s]














































































































































































































































































































































































































Epoch: 12/199 Phase: train Loss: 1.3167 (1.7108) Acc: 0.5411 (0.5085) Rec comedy: 0.9309 (nan): 100%|â–ˆ| 1717/1717 [13:20<00:00,  2.15it/s]







































































































































Epoch: 12/199 Phase: valid Loss: 2.2480 (2.6087) Acc: 0.4380 (0.4500) Rec comedy: 0.2340 (nan): 100%|â–‰| 2745/2748 [04:30<00:00, 10.29it/s]
Epoch: 12/199 Phase: valid Loss: 2.2492 (7.0428) Acc: 0.4379 (0.0000) Rec comedy: 0.2340 (nan): 100%|â–ˆ| 2748/2748 [04:31<00:00, 10.13it/s]













































































































































































































































































































































































































Epoch: 13/199 Phase: train Loss: 1.2304 (1.6858) Acc: 0.5514 (0.5085) Rec comedy: 0.9628 (nan): 100%|â–ˆ| 1717/1717 [13:19<00:00,  2.15it/s]







































































































































Epoch: 13/199 Phase: valid Loss: 2.2308 (2.2527) Acc: 0.4353 (0.5000) Rec comedy: 0.2553 (nan): 100%|â–‰| 2742/2748 [04:31<00:00, 10.01it/s]
Epoch: 13/199 Phase: valid Loss: 2.2311 (0.9035) Acc: 0.4351 (0.5000) Rec comedy: 0.2553 (nan): 100%|â–ˆ| 2748/2748 [04:31<00:00, 10.12it/s]













































































































































































































































































































































































































Epoch: 14/199 Phase: train Loss: 1.1490 (0.2799) Acc: 0.5651 (0.6102) Rec comedy: 0.9734 (nan): 100%|â–ˆ| 1717/1717 [13:20<00:00,  2.15it/s]







































































































































Epoch: 14/199 Phase: valid Loss: 2.1903 (3.1697) Acc: 0.4446 (0.4000) Rec comedy: 0.1915 (nan): 100%|â–‰| 2740/2748 [04:30<00:00,  9.93it/s]
Epoch: 14/199 Phase: valid Loss: 2.1889 (1.3142) Acc: 0.4443 (1.0000) Rec comedy: 0.1915 (nan): 100%|â–ˆ| 2748/2748 [04:31<00:00, 10.12it/s]













































































































































































































































































































































































































Epoch: 15/199 Phase: train Loss: 1.0667 (0.8884) Acc: 0.5737 (0.6271) Rec comedy: 0.9787 (nan): 100%|â–ˆ| 1717/1717 [13:18<00:00,  2.15it/s]






































































































































Epoch: 15/199 Phase: valid Loss: 2.2018 (1.6711) Acc: 0.4577 (0.5000) Rec comedy: 0.1915 (nan): 100%|â–ˆ| 2748/2748 [04:30<00:00, 10.14it/s]
Epoch: 16/199 Phase: train Loss: 1.4958 (1.4958) Acc: 0.5938 (0.5938) Rec comedy: nan (nan):   0%|       | 1/1717 [00:00<12:55,  2.21it/s]














































































































































































































































































































































































































Epoch: 16/199 Phase: train Loss: 0.9913 (1.7746) Acc: 0.5840 (0.5932) Rec comedy: 0.9681 (nan): 100%|â–ˆ| 1717/1717 [13:19<00:00,  2.15it/s]







































































































































Epoch: 16/199 Phase: valid Loss: 2.2304 (0.4153) Acc: 0.4607 (0.5500) Rec comedy: 0.2128 (nan): 100%|â–‰| 2742/2748 [04:30<00:00, 10.41it/s]
Epoch: 16/199 Phase: valid Loss: 2.2300 (1.0826) Acc: 0.4607 (1.0000) Rec comedy: 0.2128 (nan): 100%|â–ˆ| 2748/2748 [04:31<00:00, 10.12it/s]













































































































































































































































































































































































































Epoch: 17/199 Phase: train Loss: 0.9237 (0.5066) Acc: 0.5924 (0.5932) Rec comedy: 0.9787 (nan): 100%|â–ˆ| 1717/1717 [13:20<00:00,  2.15it/s]






































































































































Epoch: 17/199 Phase: valid Loss: 2.2408 (-0.9804) Acc: 0.4466 (1.0000) Rec comedy: 0.3191 (nan): 100%|â–ˆ| 2748/2748 [04:30<00:00, 10.16it/s
  0%|                                                                                                            | 0/1717 [00:00<?, ?it/s]














































































































































































































































































































































































































Epoch: 18/199 Phase: train Loss: 0.8809 (1.4885) Acc: 0.5967 (0.4915) Rec comedy: 0.9894 (nan): 100%|â–ˆ| 1717/1717 [13:20<00:00,  2.15it/s]







































































































































Epoch: 18/199 Phase: valid Loss: 2.2218 (-1.2778) Acc: 0.4780 (1.0000) Rec comedy: 0.2553 (nan): 100%|â–ˆ| 2748/2748 [04:31<00:00, 10.12it/s
Epoch: 19/199 Phase: train Loss: 0.9237 (1.0608) Acc: 0.6523 (0.6406) Rec comedy: nan (nan):   0%|       | 2/1717 [00:00<12:37,  2.26it/s]














































































































































































































































































































































































































Epoch: 19/199 Phase: train Loss: 0.8268 (1.1978) Acc: 0.6021 (0.5593) Rec comedy: 0.9787 (nan): 100%|â–ˆ| 1717/1717 [13:19<00:00,  2.15it/s]






































































































































Epoch: 19/199 Phase: valid Loss: 2.2935 (-1.2778) Acc: 0.4707 (1.0000) Rec comedy: 0.2340 (nan): 100%|â–ˆ| 2748/2748 [04:32<00:00, 10.10it/s
  0%|                                                                                                            | 0/1717 [00:00<?, ?it/s]















































































































































































































































































































































































































Epoch: 20/199 Phase: train Loss: 0.7614 (1.7255) Acc: 0.6092 (0.5763) Rec comedy: 0.9840 (nan): 100%|â–ˆ| 1717/1717 [13:21<00:00,  2.14it/s]






































































































































Epoch: 20/199 Phase: valid Loss: 2.2903 (5.1872) Acc: 0.4889 (0.0000) Rec comedy: 0.1064 (nan): 100%|â–ˆ| 2748/2748 [04:31<00:00, 10.12it/s]
  0%|                                                                                                            | 0/1717 [00:00<?, ?it/s]














































































































































































































































































































































































































Epoch: 21/199 Phase: train Loss: 0.7033 (-0.1425) Acc: 0.6159 (0.6271) Rec comedy: 0.9894 (1.0000): 100%|â–ˆ| 1717/1717 [13:21<00:00,  2.14i







































































































































Epoch: 21/199 Phase: valid Loss: 2.3231 (-0.9243) Acc: 0.4845 (1.0000) Rec comedy: 0.0638 (nan): 100%|â–ˆ| 2748/2748 [04:31<00:00, 10.12it/s
Epoch: 22/199 Phase: train Loss: 0.6463 (1.1658) Acc: 0.5859 (0.5234) Rec comedy: nan (nan):   0%|       | 2/1717 [00:00<13:06,  2.18it/s]














































































































































































































































































































































































































Epoch: 22/199 Phase: train Loss: 0.6551 (0.6339) Acc: 0.6195 (0.6441) Rec comedy: 0.9787 (nan): 100%|â–ˆ| 1717/1717 [13:21<00:00,  2.14it/s]







































































































































Epoch: 22/199 Phase: valid Loss: 2.3502 (2.0813) Acc: 0.4871 (0.3000) Rec comedy: 0.1915 (nan):  99%|â–‰| 2730/2748 [04:30<00:01,  9.93it/s]
Epoch: 22/199 Phase: valid Loss: 2.3489 (5.9973) Acc: 0.4868 (0.0000) Rec comedy: 0.1915 (nan): 100%|â–ˆ| 2748/2748 [04:31<00:00, 10.11it/s]















































































































































































































































































































































































































Epoch: 23/199 Phase: train Loss: 0.6214 (1.0778) Acc: 0.6244 (0.5593) Rec comedy: 0.9894 (nan): 100%|â–ˆ| 1717/1717 [13:21<00:00,  2.14it/s]






































































































































Epoch: 23/199 Phase: valid Loss: 2.3518 (0.7367) Acc: 0.4924 (0.4000) Rec comedy: 0.1087 (nan): 100%|â–‰| 2742/2748 [04:30<00:00, 10.09it/s]
Epoch: 23/199 Phase: valid Loss: 2.3554 (13.6100) Acc: 0.4920 (0.0000) Rec comedy: 0.1064 (0.0000): 100%|â–ˆ| 2748/2748 [04:30<00:00, 10.15i














































































































































































































































































































































































































Epoch: 24/199 Phase: train Loss: 0.4831 (0.8598) Acc: 0.6420 (0.6610) Rec comedy: 0.9894 (nan): 100%|â–ˆ| 1717/1717 [13:21<00:00,  2.14it/s]







































































































































Epoch: 24/199 Phase: valid Loss: 2.3657 (1.0120) Acc: 0.5137 (0.4500) Rec comedy: 0.1915 (nan): 100%|â–‰| 2742/2748 [04:30<00:00, 10.42it/s]
Epoch: 24/199 Phase: valid Loss: 2.3655 (2.6393) Acc: 0.5134 (0.0000) Rec comedy: 0.1915 (nan): 100%|â–ˆ| 2748/2748 [04:30<00:00, 10.15it/s]














































































































































































































































































































































































































Epoch: 25/199 Phase: train Loss: 0.4038 (0.3166) Acc: 0.6504 (0.6949) Rec comedy: 0.9894 (nan): 100%|â–ˆ| 1717/1717 [13:21<00:00,  2.14it/s]







































































































































Epoch: 25/199 Phase: valid Loss: 2.4280 (2.8749) Acc: 0.5066 (0.6000) Rec comedy: 0.1489 (nan): 100%|â–‰| 2739/2748 [04:31<00:00,  9.89it/s]
Epoch: 25/199 Phase: valid Loss: 2.4282 (2.4017) Acc: 0.5064 (0.0000) Rec comedy: 0.1489 (nan): 100%|â–ˆ| 2748/2748 [04:32<00:00, 10.10it/s]















































































































































































































































































































































































































Epoch: 26/199 Phase: train Loss: 0.3433 (0.0376) Acc: 0.6579 (0.7288) Rec comedy: 0.9947 (nan): 100%|â–ˆ| 1717/1717 [13:22<00:00,  2.14it/s]






































































































































Epoch: 26/199 Phase: valid Loss: 2.4919 (3.9674) Acc: 0.5055 (0.5000) Rec comedy: 0.2128 (nan): 100%|â–ˆ| 2748/2748 [04:30<00:00, 10.15it/s]
Epoch: 27/199 Phase: train Loss: 0.3675 (0.3675) Acc: 0.6562 (0.6562) Rec comedy: nan (nan):   0%|       | 1/1717 [00:00<13:26,  2.13it/s]















































































































































































































































































































































































































Epoch: 27/199 Phase: train Loss: 0.3023 (0.2864) Acc: 0.6609 (0.6780) Rec comedy: 0.9947 (nan): 100%|â–ˆ| 1717/1717 [13:21<00:00,  2.14it/s]






































































































































Epoch: 27/199 Phase: valid Loss: 2.6047 (-0.8912) Acc: 0.5039 (1.0000) Rec comedy: 0.0851 (nan): 100%|â–ˆ| 2748/2748 [04:30<00:00, 10.15it/s
Epoch: 28/199 Phase: train Loss: 0.1119 (0.0594) Acc: 0.7070 (0.7031) Rec comedy: nan (nan):   0%|       | 2/1717 [00:00<12:54,  2.21it/s]














































































































































































































































































































































































































Epoch: 28/199 Phase: train Loss: 0.2489 (-0.4033) Acc: 0.6677 (0.6780) Rec comedy: 0.9947 (1.0000): 100%|â–ˆ| 1717/1717 [13:21<00:00,  2.14i







































































































































Epoch: 28/199 Phase: valid Loss: 2.5994 (-1.0867) Acc: 0.5099 (1.0000) Rec comedy: 0.0426 (nan): 100%|â–ˆ| 2748/2748 [04:31<00:00, 10.11it/s
Epoch: 29/199 Phase: train Loss: 0.1201 (0.1979) Acc: 0.6536 (0.6641) Rec comedy: 1.0000 (nan):   0%|    | 3/1717 [00:01<13:07,  2.18it/s]














































































































































































































































































































































































































Epoch: 29/199 Phase: train Loss: 0.2153 (0.2798) Acc: 0.6732 (0.6610) Rec comedy: 0.9894 (nan): 100%|â–ˆ| 1717/1717 [13:21<00:00,  2.14it/s]






































































































































Epoch: 29/199 Phase: valid Loss: 2.6791 (1.8724) Acc: 0.5163 (0.5000) Rec comedy: 0.1064 (nan):  99%|â–‰| 2734/2748 [04:29<00:01, 10.16it/s]
Epoch: 29/199 Phase: valid Loss: 2.6763 (1.0040) Acc: 0.5161 (0.5000) Rec comedy: 0.1064 (nan): 100%|â–ˆ| 2748/2748 [04:31<00:00, 10.14it/s]















































































































































































































































































































































































































Epoch: 30/199 Phase: train Loss: 0.1730 (0.1762) Acc: 0.6767 (0.6610) Rec comedy: 1.0000 (nan): 100%|â–ˆ| 1717/1717 [13:22<00:00,  2.14it/s]






































































































































Epoch: 30/199 Phase: valid Loss: 2.6949 (3.1715) Acc: 0.5194 (0.7000) Rec comedy: 0.0652 (nan): 100%|â–‰| 2737/2748 [04:29<00:01, 10.13it/s]
Epoch: 30/199 Phase: valid Loss: 2.7024 (0.2583) Acc: 0.5191 (0.5000) Rec comedy: 0.0638 (nan): 100%|â–ˆ| 2748/2748 [04:30<00:00, 10.15it/s]















































































































































































































































































































































































































Epoch: 31/199 Phase: train Loss: 0.1284 (0.3488) Acc: 0.6846 (0.5932) Rec comedy: 1.0000 (nan): 100%|â–ˆ| 1717/1717 [13:21<00:00,  2.14it/s]






































































































































Epoch: 31/199 Phase: valid Loss: 2.8066 (-0.4657) Acc: 0.5182 (1.0000) Rec comedy: 0.1277 (nan): 100%|â–ˆ| 2748/2748 [04:31<00:00, 10.11it/s
Epoch: 32/199 Phase: train Loss: 0.3238 (0.3238) Acc: 0.6641 (0.6641) Rec comedy: nan (nan):   0%|       | 1/1717 [00:00<13:00,  2.20it/s]



















































































































































































































































































































































































































Epoch: 32/199 Phase: train Loss: 0.0938 (-0.0238) Acc: 0.6874 (0.6610) Rec comedy: 0.9947 (nan): 100%|â–ˆ| 1717/1717 [13:30<00:00,  2.12it/s







































































































































Epoch: 32/199 Phase: valid Loss: 2.8731 (3.0479) Acc: 0.5135 (0.4000) Rec comedy: 0.0870 (nan): 100%|â–‰| 2742/2748 [04:30<00:00,  9.99it/s]
Epoch: 32/199 Phase: valid Loss: 2.8707 (1.3990) Acc: 0.5133 (0.5000) Rec comedy: 0.0851 (nan): 100%|â–ˆ| 2748/2748 [04:31<00:00, 10.13it/s]














































































































































































































































































































































































































Epoch: 33/199 Phase: train Loss: 0.0176 (0.1793) Acc: 0.6984 (0.7627) Rec comedy: 0.9947 (nan): 100%|â–ˆ| 1717/1717 [13:21<00:00,  2.14it/s]






































































































































Epoch: 33/199 Phase: valid Loss: 3.0075 (-0.4656) Acc: 0.5274 (1.0000) Rec comedy: 0.1064 (nan): 100%|â–ˆ| 2748/2748 [04:30<00:00, 10.16it/s
Epoch: 34/199 Phase: train Loss: 0.1789 (0.1789) Acc: 0.6953 (0.6953) Rec comedy: nan (nan):   0%|       | 1/1717 [00:00<13:08,  2.18it/s]















































































































































































































































































































































































































Epoch: 34/199 Phase: train Loss: -0.0089 (0.5494) Acc: 0.7047 (0.5932) Rec comedy: 0.9840 (nan): 100%|â–ˆ| 1717/1717 [13:21<00:00,  2.14it/s






































































































































Epoch: 34/199 Phase: valid Loss: 3.0009 (0.5173) Acc: 0.5258 (1.0000) Rec comedy: 0.0851 (nan): 100%|â–ˆ| 2748/2748 [04:31<00:00, 10.11it/s]
Epoch: 35/199 Phase: train Loss: -0.1216 (-0.1216) Acc: 0.7188 (0.7188) Rec comedy: nan (nan):   0%|     | 1/1717 [00:00<12:52,  2.22it/s]















































































































































































































































































































































































































Epoch: 35/199 Phase: train Loss: -0.0444 (0.1699) Acc: 0.7079 (0.7797) Rec comedy: 0.9894 (nan): 100%|â–ˆ| 1717/1717 [13:22<00:00,  2.14it/s






































































































































Epoch: 35/199 Phase: valid Loss: 3.0046 (11.6603) Acc: 0.5248 (0.0000) Rec comedy: 0.1489 (nan): 100%|â–ˆ| 2748/2748 [04:30<00:00, 10.15it/s
Epoch: 36/199 Phase: train Loss: -0.0230 (-0.2808) Acc: 0.6953 (0.7031) Rec comedy: 1.0000 (1.0000):   0%| | 2/1717 [00:00<13:09,  2.17it/














































































































































































































































































































































































































Epoch: 36/199 Phase: train Loss: -0.0661 (0.3050) Acc: 0.7119 (0.7288) Rec comedy: 1.0000 (nan): 100%|â–ˆ| 1717/1717 [13:21<00:00,  2.14it/s







































































































































Epoch: 36/199 Phase: valid Loss: 3.0819 (0.8044) Acc: 0.5266 (0.5500) Rec comedy: 0.1277 (nan): 100%|â–‰| 2744/2748 [04:30<00:00, 10.06it/s]
Epoch: 36/199 Phase: valid Loss: 3.0801 (-1.2778) Acc: 0.5264 (1.0000) Rec comedy: 0.1277 (nan): 100%|â–ˆ| 2748/2748 [04:30<00:00, 10.14it/s














































































































































































































































































































































































































Epoch: 37/199 Phase: train Loss: -0.0875 (-0.0508) Acc: 0.7154 (0.6949) Rec comedy: 0.9894 (nan): 100%|â–ˆ| 1717/1717 [13:21<00:00,  2.14it/







































































































































Epoch: 37/199 Phase: valid Loss: 3.1476 (2.6251) Acc: 0.5318 (0.6000) Rec comedy: 0.1064 (nan): 100%|â–‰| 2739/2748 [04:30<00:00, 10.02it/s]
Epoch: 37/199 Phase: valid Loss: 3.1480 (6.0762) Acc: 0.5315 (0.0000) Rec comedy: 0.1064 (nan): 100%|â–ˆ| 2748/2748 [04:31<00:00, 10.12it/s]














































































































































































































































































































































































































Epoch: 38/199 Phase: train Loss: -0.1059 (-0.3439) Acc: 0.7170 (0.6780) Rec comedy: 0.9947 (nan): 100%|â–ˆ| 1717/1717 [13:21<00:00,  2.14it/







































































































































Epoch: 38/199 Phase: valid Loss: 3.1845 (3.0747) Acc: 0.5290 (0.4000) Rec comedy: 0.1064 (nan): 100%|â–‰| 2739/2748 [04:30<00:00, 10.44it/s]
Epoch: 38/199 Phase: valid Loss: 3.1857 (-1.2778) Acc: 0.5285 (1.0000) Rec comedy: 0.1064 (nan): 100%|â–ˆ| 2748/2748 [04:31<00:00, 10.12it/s















































































































































































































































































































































































































Epoch: 39/199 Phase: train Loss: -0.1367 (-0.1842) Acc: 0.7222 (0.7627) Rec comedy: 1.0000 (nan): 100%|â–ˆ| 1717/1717 [13:21<00:00,  2.14it/






































































































































Epoch: 39/199 Phase: valid Loss: 3.2477 (6.5416) Acc: 0.5283 (0.0000) Rec comedy: 0.1489 (nan): 100%|â–ˆ| 2748/2748 [04:30<00:00, 10.17it/s]
LR:  0.00025














































































































































































































































































































































































































Epoch: 40/199 Phase: train Loss: -0.1399 (-0.0235) Acc: 0.7226 (0.7288) Rec comedy: 0.9947 (nan): 100%|â–ˆ| 1717/1717 [13:22<00:00,  2.14it/







































































































































Epoch: 40/199 Phase: valid Loss: 3.3053 (1.7141) Acc: 0.5267 (0.4500) Rec comedy: 0.0851 (nan): 100%|â–‰| 2744/2748 [04:30<00:00, 10.16it/s]
Epoch: 40/199 Phase: valid Loss: 3.3059 (-0.1202) Acc: 0.5265 (0.5000) Rec comedy: 0.0851 (nan): 100%|â–ˆ| 2748/2748 [04:30<00:00, 10.15it/s














































































































































































































































































































































































































Epoch: 41/199 Phase: train Loss: -0.1649 (-0.0910) Acc: 0.7267 (0.6949) Rec comedy: 0.9947 (nan): 100%|â–ˆ| 1717/1717 [13:21<00:00,  2.14it/






































































































































Epoch: 41/199 Phase: valid Loss: 3.3262 (4.3442) Acc: 0.5321 (0.6500) Rec comedy: 0.1489 (nan): 100%|â–‰| 2740/2748 [04:29<00:00, 10.24it/s]
Epoch: 41/199 Phase: valid Loss: 3.3315 (6.7584) Acc: 0.5320 (0.0000) Rec comedy: 0.1489 (nan): 100%|â–ˆ| 2748/2748 [04:30<00:00, 10.16it/s]














































































































































































































































































































































































































Epoch: 42/199 Phase: train Loss: -0.1937 (0.0322) Acc: 0.7316 (0.6441) Rec comedy: 0.9947 (nan): 100%|â–ˆ| 1717/1717 [13:21<00:00,  2.14it/s






































































































































Epoch: 42/199 Phase: valid Loss: 3.4131 (4.1176) Acc: 0.5320 (0.5000) Rec comedy: 0.0851 (nan): 100%|â–ˆ| 2748/2748 [04:30<00:00, 10.14it/s]
  0%|                                                                                                            | 0/1717 [00:00<?, ?it/s]














































































































































































































































































































































































































Epoch: 43/199 Phase: train Loss: -0.2104 (0.2067) Acc: 0.7345 (0.6441) Rec comedy: 0.9894 (nan): 100%|â–ˆ| 1717/1717 [13:20<00:00,  2.14it/s







































































































































Epoch: 43/199 Phase: valid Loss: 3.4194 (4.8746) Acc: 0.5293 (0.5000) Rec comedy: 0.0851 (nan): 100%|â–ˆ| 2748/2748 [04:30<00:00, 10.15it/s]
Traceback (most recent call last):
  File "/usr/local/lib/python3.6/dist-packages/torch/serialization.py", line 379, in save
    _save(obj, opened_zipfile, pickle_module, pickle_protocol)
  File "/usr/local/lib/python3.6/dist-packages/torch/serialization.py", line 499, in _save
    zip_file.write_record(name, storage.data_ptr(), num_bytes)
OSError: [Errno 28] No space left on device
During handling of the above exception, another exception occurred:
Traceback (most recent call last):
  File "/usr/local/lib/python3.6/dist-packages/torch/serialization.py", line 380, in save
    return
  File "/usr/local/lib/python3.6/dist-packages/torch/serialization.py", line 259, in __exit__
    self.file_like.write_end_of_file()
RuntimeError: [enforce fail at inline_container.cc:298] . unexpected pos 3200 vs 3112
During handling of the above exception, another exception occurred:
Traceback (most recent call last):
  File "train.py", line 357, in <module>
    wandb,
  File "train.py", line 164, in train
    running_loss * scale_value
  File "/usr/local/lib/python3.6/dist-packages/torch/serialization.py", line 381, in save
    _legacy_save(obj, opened_file, pickle_module, pickle_protocol)
  File "/usr/local/lib/python3.6/dist-packages/torch/serialization.py", line 214, in __exit__
    self.file_like.close()
OSError: [Errno 28] No space left on device